<?xml version="1.0" encoding="UTF-8"?>
<!-- Generated by org.testng.reporters.JUnitReportReporter -->
<testsuite hostname="DESKTOP-EBLR0J5" failures="0" tests="1" name="LocalTest.LocalServerTest" time="1.160" errors="0" timestamp="2024-10-24T17:43:40 IST" skipped="0">
  <testcase classname="LocalTest.LocalServerTest" name="GetMethod" time="1.160"/>
</testsuite> <!-- LocalTest.LocalServerTest -->
