<?xml version="1.0" encoding="UTF-8"?>
<!-- Generated by org.testng.reporters.JUnitReportReporter -->
<testsuite hostname="DESKTOP-EBLR0J5" failures="0" tests="1" name="test.PatchRequest" time="0.652" errors="0" timestamp="2024-10-24T13:13:27 IST" skipped="0">
  <testcase classname="test.PatchRequest" name="PatchTest" time="0.652"/>
</testsuite> <!-- test.PatchRequest -->
