<?xml version="1.0" encoding="UTF-8"?>
<!-- Generated by org.testng.reporters.JUnitReportReporter -->
<testsuite hostname="DESKTOP-EBLR0J5" failures="0" tests="2" name="test.TestExample2" time="1.241" errors="0" timestamp="2024-10-24T13:13:27 IST" skipped="0">
  <testcase classname="test.TestExample2" name="StaticRestAssured" time="0.875"/>
  <testcase classname="test.TestExample2" name="GetSingleUser" time="0.366"/>
</testsuite> <!-- test.TestExample2 -->
