<?xml version="1.0" encoding="UTF-8"?>
<!-- Generated by org.testng.reporters.JUnitReportReporter -->
<testsuite hostname="DESKTOP-EBLR0J5" failures="0" tests="1" name="test.Postmethod" time="2.430" errors="0" timestamp="2024-10-24T13:13:27 IST" skipped="0">
  <testcase classname="test.Postmethod" name="PostTest" time="2.430"/>
</testsuite> <!-- test.Postmethod -->
